<?xml version="1.0" encoding="UTF-8"?>
<!-- Generated by org.testng.reporters.JUnitReportReporter -->
<testsuite hostname="MTCHNDT-UTHRAA" failures="0" tests="10" name="com.qa.Testcase.Signinpage_test" time="16.164" errors="0" timestamp="29 Sep 2020 05:10:33 GMT" skipped="0">
  <testcase classname="com.qa.Testcase.Signinpage_test" name="gettitle" time="0.028"/>
  <testcase classname="com.qa.Testcase.Signinpage_test" name="forgotlinkcheck" time="0.728"/>
  <testcase classname="com.qa.Testcase.Signinpage_test" name="signuplinkcheck" time="1.439"/>
  <testcase classname="com.qa.Testcase.Signinpage_test" name="emptysigin" time="0.174"/>
  <testcase classname="com.qa.Testcase.Signinpage_test" name="mobonlysigin" time="0.279"/>
  <testcase classname="com.qa.Testcase.Signinpage_test" name="pwdonlysigin" time="0.445"/>
  <testcase classname="com.qa.Testcase.Signinpage_test" name="unregistereduser" time="1.575"/>
  <testcase classname="com.qa.Testcase.Signinpage_test" name="invalidpwd" time="0.674"/>
  <testcase classname="com.qa.Testcase.Signinpage_test" name="Siginusingvalidinputs" time="10.033"/>
  <testcase classname="com.qa.Testcase.Signinpage_test" name="logout" time="0.789"/>
</testsuite> <!-- com.qa.Testcase.Signinpage_test -->
