<?xml version="1.0" encoding="UTF-8"?>
<!-- Generated by org.testng.reporters.JUnitReportReporter -->
<testsuite hostname="MTCHNDT-UTHRAA" failures="0" tests="10" name="com.qa.Testcase.Signinpage_test" time="20.421" errors="0" timestamp="30 Sep 2020 15:51:04 GMT" skipped="0">
  <testcase classname="com.qa.Testcase.Signinpage_test" name="gettitle" time="0.030"/>
  <testcase classname="com.qa.Testcase.Signinpage_test" name="forgotlinkcheck" time="0.769"/>
  <testcase classname="com.qa.Testcase.Signinpage_test" name="signuplinkcheck" time="0.822"/>
  <testcase classname="com.qa.Testcase.Signinpage_test" name="emptysigin" time="0.188"/>
  <testcase classname="com.qa.Testcase.Signinpage_test" name="mobonlysigin" time="0.282"/>
  <testcase classname="com.qa.Testcase.Signinpage_test" name="pwdonlysigin" time="0.440"/>
  <testcase classname="com.qa.Testcase.Signinpage_test" name="unregistereduser" time="1.562"/>
  <testcase classname="com.qa.Testcase.Signinpage_test" name="invalidpwd" time="0.752"/>
  <testcase classname="com.qa.Testcase.Signinpage_test" name="Siginusingvalidinputs" time="13.473"/>
  <testcase classname="com.qa.Testcase.Signinpage_test" name="logout" time="2.103"/>
</testsuite> <!-- com.qa.Testcase.Signinpage_test -->
